## ComfyUI-Manager: installing dependencies done.
[2024-11-10 22:18:50.450] ** ComfyUI startup time: 2024-11-10 22:18:50.450206
[2024-11-10 22:18:50.505] ** Platform: Windows
[2024-11-10 22:18:50.506] ** Python version: 3.10.6 (tags/v3.10.6:9c7b4bd, Aug  1 2022, 21:53:49) [MSC v.1932 64 bit (AMD64)]
[2024-11-10 22:18:50.507] ** Python executable: C:\Users\Ziggy\AppData\Local\Programs\Python\Python310\python.exe
[2024-11-10 22:18:50.507] ** ComfyUI Path: d:\ai-starter\stable-diffusion\ComfyUI
[2024-11-10 22:18:50.508] ** Log path: D:\ai-starter\comfyui.log
[2024-11-10 22:18:50.519] 
Prestartup times for custom nodes:
[2024-11-10 22:18:50.521]    4.0 seconds: D:\ai-starter\stable-diffusion\ComfyUI\custom_nodes\ComfyUI-Manager
[2024-11-10 22:18:50.529] 
Traceback (most recent call last):
[2024-11-10 22:18:55.771]   File "d:\ai-starter\stable-diffusion\ComfyUI\main.py", line 90, in <module>
[2024-11-10 22:18:55.772]     import execution
[2024-11-10 22:18:55.772]   File "d:\ai-starter\stable-diffusion\ComfyUI\execution.py", line 13, in <module>
[2024-11-10 22:18:55.772]     import nodes
[2024-11-10 22:18:55.773]   File "d:\ai-starter\stable-diffusion\ComfyUI\nodes.py", line 21, in <module>
[2024-11-10 22:18:55.773]     import comfy.diffusers_load
[2024-11-10 22:18:55.773]   File "d:\ai-starter\stable-diffusion\ComfyUI\comfy\diffusers_load.py", line 3, in <module>
[2024-11-10 22:18:55.773]     import comfy.sd
[2024-11-10 22:18:55.774]   File "d:\ai-starter\stable-diffusion\ComfyUI\comfy\sd.py", line 5, in <module>
[2024-11-10 22:18:55.774]     from comfy import model_management
[2024-11-10 22:18:55.774]   File "d:\ai-starter\stable-diffusion\ComfyUI\comfy\model_management.py", line 143, in <module>
[2024-11-10 22:18:55.775]     total_vram = get_total_memory(get_torch_device()) / (1024 * 1024)
[2024-11-10 22:18:55.775]   File "d:\ai-starter\stable-diffusion\ComfyUI\comfy\model_management.py", line 112, in get_torch_device
[2024-11-10 22:18:55.776]     return torch.device(torch.cuda.current_device())
[2024-11-10 22:18:55.776]   File "C:\Users\Ziggy\AppData\Local\Programs\Python\Python310\lib\site-packages\torch\cuda\__init__.py", line 674, in current_device
[2024-11-10 22:18:55.776]     _lazy_init()
[2024-11-10 22:18:55.777]   File "C:\Users\Ziggy\AppData\Local\Programs\Python\Python310\lib\site-packages\torch\cuda\__init__.py", line 239, in _lazy_init
[2024-11-10 22:18:55.777]     raise AssertionError("Torch not compiled with CUDA enabled")
[2024-11-10 22:18:55.778] AssertionError: Torch not compiled with CUDA enabled
